<?xml version="1.0" encoding="UTF-8"?>
<!-- Generated by org.testng.reporters.JUnitReportReporter -->
<testsuite skipped="0" hostname="JarvisLaptop" name="com.payroll.testcases.LoginPageTest" tests="1" failures="0" timestamp="2022-05-05T07:49:13 IST" time="21.452" errors="0">
  <testcase name="LoginTest" time="21.452" classname="com.payroll.testcases.LoginPageTest"/>
  <system-out/>
</testsuite> <!-- com.payroll.testcases.LoginPageTest -->
