<?xml version="1.0" encoding="UTF-8"?>
<!-- Generated by org.testng.reporters.JUnitReportReporter -->
<testsuite hostname="JarvisLaptop" failures="0" tests="1" name="com.payroll.testcases.HomePageTest" time="10.677" errors="0" timestamp="2022-05-06T19:54:01 IST" skipped="0">
  <testcase classname="com.payroll.testcases.HomePageTest" name="verifyHomePage" time="10.677"/>
  <system-out/>
</testsuite> <!-- com.payroll.testcases.HomePageTest -->
